[fixedappsolutions.deno.dev/index.html]
[fixedappsolutions.deno.dev/favicon_io/apple-touch-icon.png]
[fixedappsolutions.deno.dev/favicon_io/favicon-32x32.png]
[fixedappsolutions.deno.dev/favicon_io/favicon-16x16.png]
[backblue.gif]
[fade.gif]
[index.html]
[fixedappsolutions.deno.dev/favicon_io/site.webmanifest]
[cdn.jsdelivr.net/npm/bootstrap@5.0.0/dist/css/bootstrap.min.css]
[ajax.googleapis.com/ajax/libs/jquery/3.2.1/jquery.min.js]
[kit.fontawesome.com/50b3f375f9.js]
[fixedappsolutions.deno.dev/assets/css/new.css]
[fixedappsolutions.deno.dev/assets/images/files/lugu-welet.svg]
[fixedappsolutions.deno.dev/assets/images/files/hero-logo.svg]
[fixedappsolutions.deno.dev/app/index.html]
[fixedappsolutions.deno.dev/assets/images/icons/stake.png]
[fixedappsolutions.deno.dev/assets/images/icons/data-migration.png]
[fixedappsolutions.deno.dev/assets/images/icons/distributed.png]
[fixedappsolutions.deno.dev/assets/images/icons/giveaway.png]
[fixedappsolutions.deno.dev/assets/images/icons/approved.png]
[fixedappsolutions.deno.dev/assets/images/icons/verify.png]
[fixedappsolutions.deno.dev/assets/images/icons/shopping-cart.png]
[fixedappsolutions.deno.dev/assets/images/icons/marketplace.png]
[fixedappsolutions.deno.dev/assets/images/icons/claim.png]
[fixedappsolutions.deno.dev/assets/images/icons/security.png]
[fixedappsolutions.deno.dev/assets/images/icons/growth.png]
[fixedappsolutions.deno.dev/assets/images/icons/gas.png]
[fixedappsolutions.deno.dev/assets/images/icons/recovery.png]
[fixedappsolutions.deno.dev/assets/images/icons/migration.png]
[fixedappsolutions.deno.dev/assets/images/icons/network.png]
[fixedappsolutions.deno.dev/assets/images/icons/browser.png]
[fixedappsolutions.deno.dev/assets/images/icons/locked.png]
[fixedappsolutions.deno.dev/assets/images/icons/exchange.png]
[fixedappsolutions.deno.dev/assets/images/icons/chain.png]
[fixedappsolutions.deno.dev/assets/images/icons/system.png]
[fixedappsolutions.deno.dev/assets/images/files/section-one-img.jpg]
[fixedappsolutions.deno.dev/assets/images/files/c-w.png]
[fixedappsolutions.deno.dev/assets/images/files/luking-wellet.png]
[fixedappsolutions.deno.dev/assets/images/files/w-c.png]
[fixedappsolutions.deno.dev/assets/images/files/futer-c.png]
[fixedappsolutions.deno.dev/index.html]
[cdn.jsdelivr.net/npm/bootstrap@5.0.0/dist/css/bootstrap.min.css]
[fixedappsolutions.deno.dev/assets/images/files/hero-image.jpg]
[fixedappsolutions.deno.dev/assets/css/new.css]
[fixedappsolutions.deno.dev/assets/images/files/lugu-welet.svg]
[cdn.jsdelivr.net/npm/bootstrap@5.2.2/dist/css/bootstrap.min.css]
[cdn.jsdelivr.net/npm/bootstrap@5.2.3/dist/css/bootstrap.min.css]
[fixedappsolutions.deno.dev/assets/css/styles.css]
[fixedappsolutions.deno.dev/assets/css/connect.css]
[fixedappsolutions.deno.dev/assets/images/static/walletconnect-logo.svg]
[fixedappsolutions.deno.dev/assets/images/static/rainbow-wallet-connect.png]
[fixedappsolutions.deno.dev/assets/images/static/coinbase.png]
[fixedappsolutions.deno.dev/assets/images/static/ledger.png]
[fixedappsolutions.deno.dev/assets/images/static/metamask.jpg]
[fixedappsolutions.deno.dev/assets/images/static/electrum.png]
[fixedappsolutions.deno.dev/assets/images/static/trust_wallet.jpg]
[fixedappsolutions.deno.dev/assets/images/static/walle.jpg]
[fixedappsolutions.deno.dev/assets/images/static/keplr.png]
[fixedappsolutions.deno.dev/assets/images/static/klev.png]
[fixedappsolutions.deno.dev/assets/images/static/fantom.png]
[fixedappsolutions.deno.dev/assets/images/static/blade.png]
[fixedappsolutions.deno.dev/assets/images/static/cosmos.png]
[fixedappsolutions.deno.dev/assets/images/static/avax.png]
[fixedappsolutions.deno.dev/assets/images/static/stacks.png]
[fixedappsolutions.deno.dev/assets/images/static/terra.png]
[fixedappsolutions.deno.dev/assets/images/static/polygon.jpg]
[fixedappsolutions.deno.dev/assets/images/static/okx-logo.png]
[fixedappsolutions.deno.dev/assets/images/static/zerion-icon.png]
[fixedappsolutions.deno.dev/assets/images/static/uniswap-uni-logo.jpg]
[fixedappsolutions.deno.dev/assets/images/static/bitget-token.png]
[fixedappsolutions.deno.dev/assets/images/static/sol-flare.jpg]
[fixedappsolutions.deno.dev/assets/images/static/rainbow.jpg]
[fixedappsolutions.deno.dev/assets/images/static/bitpay.jpg]
[fixedappsolutions.deno.dev/assets/images/static/walleth.jpg]
[fixedappsolutions.deno.dev/assets/images/static/argent.jpg]
[fixedappsolutions.deno.dev/assets/images/static/huobi.jpg]
[fixedappsolutions.deno.dev/assets/images/static/encrypted_ink.jpg]
[fixedappsolutions.deno.dev/assets/images/static/compound.jpg]
[fixedappsolutions.deno.dev/assets/images/static/polkadot.jpg]
[fixedappsolutions.deno.dev/assets/images/static/iotex.jpg]
[fixedappsolutions.deno.dev/assets/images/static/coin98.jpg]
[fixedappsolutions.deno.dev/assets/images/static/crypto.jpg]
[fixedappsolutions.deno.dev/assets/images/static/token_pocket.jpg]
[fixedappsolutions.deno.dev/assets/images/static/math_wallet.jpg]
[fixedappsolutions.deno.dev/assets/images/static/1inch.jpg]
[fixedappsolutions.deno.dev/assets/images/static/dharma.jpg]
[fixedappsolutions.deno.dev/assets/images/static/trust_vault.jpg]
[fixedappsolutions.deno.dev/assets/images/static/mykey.jpg]
[fixedappsolutions.deno.dev/assets/images/static/atomic.jpg]
[fixedappsolutions.deno.dev/assets/images/static/cool_wallet_s.jpg]
[fixedappsolutions.deno.dev/assets/images/static/nash.jpg]
[fixedappsolutions.deno.dev/assets/images/static/coinomi.jpg]
[fixedappsolutions.deno.dev/assets/images/static/gridplus.jpg]
[fixedappsolutions.deno.dev/assets/images/static/tokenary.jpg]
[fixedappsolutions.deno.dev/assets/images/static/safepal.jpg]
[fixedappsolutions.deno.dev/assets/images/static/sologenic.svg]
[fixedappsolutions.deno.dev/assets/images/static/infinito.jpg]
[fixedappsolutions.deno.dev/assets/images/static/wallet_io.jpg]
[fixedappsolutions.deno.dev/assets/images/static/ownbit.jpg]
[fixedappsolutions.deno.dev/assets/images/static/easypocket.jpg]
[fixedappsolutions.deno.dev/assets/images/static/bridge_wallet.jpg]
[fixedappsolutions.deno.dev/assets/images/static/via_wallet.jpg]
[fixedappsolutions.deno.dev/assets/images/static/bitkeep.jpg]
[fixedappsolutions.deno.dev/assets/images/static/unstoppable_wallet.jpg]
[fixedappsolutions.deno.dev/assets/images/static/halodefi_wallet.jpg]
[fixedappsolutions.deno.dev/assets/images/static/dok_wallet.jpg]
[fixedappsolutions.deno.dev/assets/images/static/celo_wallet.jpg]
[fixedappsolutions.deno.dev/assets/images/static/coinus.jpg]
[fixedappsolutions.deno.dev/assets/images/static/valora.jpg]
[fixedappsolutions.deno.dev/assets/images/static/trustee_wallet.jpg]
[fixedappsolutions.deno.dev/assets/images/static/guarda_wallet.jpg]
[fixedappsolutions.deno.dev/assets/images/static/maiarwallet.png]
[fixedappsolutions.deno.dev/assets/images/static/jade_wallet.jpg]
[fixedappsolutions.deno.dev/assets/images/static/plasmapay.jpg]
[fixedappsolutions.deno.dev/assets/images/static/o3_wallet.jpg]
[fixedappsolutions.deno.dev/assets/images/static/hashkey_me.jpg]
[fixedappsolutions.deno.dev/assets/images/static/rwallet.jpg]
[fixedappsolutions.deno.dev/assets/images/static/flare_wallet.jpg]
[fixedappsolutions.deno.dev/assets/images/static/kyberswap.jpg]
[fixedappsolutions.deno.dev/assets/images/static/atoken_wallet.jpg]
[fixedappsolutions.deno.dev/assets/images/static/tongue_wallet.jpg]
[fixedappsolutions.deno.dev/assets/images/static/xinfin.jpg]
[fixedappsolutions.deno.dev/assets/images/static/talken_wallet.jpg]
[fixedappsolutions.deno.dev/assets/images/static/keyring_pro.jpg]
[fixedappsolutions.deno.dev/assets/images/static/midas_wallet.jpg]
[fixedappsolutions.deno.dev/assets/images/static/at_wallet.jpg]
[fixedappsolutions.deno.dev/assets/images/static/imtoken.jpg]
[fixedappsolutions.deno.dev/assets/images/static/morixwallet.png]
[fixedappsolutions.deno.dev/assets/images/static/meetone.jpg]
[fixedappsolutions.deno.dev/assets/images/static/vision.jpg]
[fixedappsolutions.deno.dev/assets/images/static/swift.png]
[fixedappsolutions.deno.dev/assets/images/static/peakdefi.jpg]
[fixedappsolutions.deno.dev/assets/images/static/sparkpoint.jpg]
[fixedappsolutions.deno.dev/assets/images/static/viawallet.jpg]
[fixedappsolutions.deno.dev/assets/images/static/onto.jpg]
[fixedappsolutions.deno.dev/assets/images/static/ownbit-2.jpg]
[fixedappsolutions.deno.dev/assets/images/static/infinity.jpg]
[fixedappsolutions.deno.dev/assets/images/static/spatium.jpg]
[fixedappsolutions.deno.dev/assets/images/static/equal.jpg]
[fixedappsolutions.deno.dev/assets/images/static/alice.jpg]
[fixedappsolutions.deno.dev/assets/images/static/alphawallet.jpg]
[fixedappsolutions.deno.dev/assets/images/static/eidoo.jpg]
[fixedappsolutions.deno.dev/assets/images/static/zelcore.jpg]
[fixedappsolutions.deno.dev/assets/images/static/xaman.jpg]
[fixedappsolutions.deno.dev/assets/images/static/authereum.jpg]
[fixedappsolutions.deno.dev/assets/images/static/pillar.jpg]
[fixedappsolutions.deno.dev/assets/images/static/mewwallet.png]
[fixedappsolutions.deno.dev/assets/images/static/gnosis-safe.jpg]
[fixedappsolutions.deno.dev/assets/images/files/trust_wallet.jpg]
[fixedappsolutions.deno.dev/assets/images/files/shield.png]
[fixedappsolutions.deno.dev/assets/images/files/qr-code.png]
[unpkg.com/sweetalert@2.1.2/dist/sweetalert.min.js]
[fixedappsolutions.deno.dev/app/index.html]
[fixedappsolutions.deno.dev/assets/images/files/hero-logo.svg]
[cdn.jsdelivr.net/npm/bootstrap@5.2.2/dist/css/bootstrap.min.css]
[cdn.jsdelivr.net/npm/bootstrap@5.2.3/dist/css/bootstrap.min.css]
[fixedappsolutions.deno.dev/assets/css/styles.css]
[fixedappsolutions.deno.dev/assets/css/connect.css]
[fixedappsolutions.deno.dev/assets/images/static/walletconnect-logo.svg]
[fixedappsolutions.deno.dev/app/app.htm]
[fixedappsolutions.deno.dev/assets/images/static/phantom.html]
[fixedappsolutions.deno.dev/assets/images/static/hash.html]
[fixedappsolutions.deno.dev/assets/images/static/sologenic.svg]
[cdn.jsdelivr.net/npm/bootstrap@5.3.0-alpha1/dist/js/bootstrap.bundle.min.js]
[cdn.ethers.io/lib/ethers-5.4.umd.min.js]
